<?xml version="1.0" encoding="UTF-8"?>
<!-- Generated by org.testng.reporters.JUnitXMLReporter -->
<testsuite hostname="SKY-20150821CXM" name="Test" tests="4" failures="1" timestamp="20 Dec 2016 03:57:51 GMT" time="0.02" errors="0">
  <testcase name="c" time="0.0070" classname="com.lls.testng.NewTest"/>
  <testcase name="a" time="0.0" classname="com.lls.testng.NewTest"/>
  <testcase name="b" time="0.0010" classname="com.lls.testng.NewTest"/>
  <testcase name="f" time="0.0010" classname="com.lls.testng.TestDeal">
    <failure type="java.lang.NullPointerException">
      <![CDATA[java.lang.NullPointerException
	at com.lls.testng.TestDeal.f(TestDeal.java:34)
... Removed 24 stack frames]]>
    </failure>
  </testcase> <!-- f -->
</testsuite> <!-- Test -->
